<?xml version="1.0" encoding="UTF-8"?>
<!-- Generated by org.testng.reporters.JUnitReportReporter -->
<testsuite hostname="LAPTOP-0VPT22QR" failures="0" tests="8" name="com.qa.opencart.tests.AccountPageTest" time="5.154" errors="0" timestamp="19 Apr 2022 11:57:27 GMT" skipped="1">
  <testcase classname="com.qa.opencart.tests.AccountPageTest" name="IsLogOutExistTest" time="0.069"/>
  <testcase classname="com.qa.opencart.tests.AccountPageTest" name="searchTest" time="1.726"/>
  <testcase classname="com.qa.opencart.tests.AccountPageTest" name="searchTest" time="1.536"/>
  <testcase classname="com.qa.opencart.tests.AccountPageTest" name="selectProductTest" time="0.000">
    <skipped/>
  </testcase> <!-- selectProductTest -->
  <testcase classname="com.qa.opencart.tests.AccountPageTest" name="accPageSectionsTest" time="0.148"/>
  <testcase classname="com.qa.opencart.tests.AccountPageTest" name="searchTest" time="1.629"/>
  <testcase classname="com.qa.opencart.tests.AccountPageTest" name="accPageHederTest" time="0.036"/>
  <testcase classname="com.qa.opencart.tests.AccountPageTest" name="accPageTitleTest" time="0.010"/>
</testsuite> <!-- com.qa.opencart.tests.AccountPageTest -->
